<?xml version="1.0" encoding="UTF-8"?>
<coverage generated="1641079313942" clover="3.2.0">
  <project timestamp="1641079313942" name="All files">
    <metrics statements="63" coveredstatements="53" conditionals="17" coveredconditionals="7" methods="9" coveredmethods="9" elements="89" coveredelements="69" complexity="0" loc="63" ncloc="63" packages="1" files="2" classes="2"/>
    <file name="StemmerRu.ts" path="/Users/vedmalex/work/stemmer-ru/src/StemmerRu.ts">
      <metrics statements="56" coveredstatements="46" conditionals="17" coveredconditionals="7" methods="5" coveredmethods="5"/>
      <line num="1" count="1" type="stmt"/>
      <line num="3" count="1" type="stmt"/>
      <line num="4" count="1" type="stmt"/>
      <line num="5" count="1" type="stmt"/>
      <line num="6" count="1" type="stmt"/>
      <line num="8" count="1" type="stmt"/>
      <line num="9" count="1" type="stmt"/>
      <line num="12" count="1" type="stmt"/>
      <line num="17" count="11" type="stmt"/>
      <line num="18" count="11" type="cond" truecount="0" falsecount="1"/>
      <line num="19" count="0" type="stmt"/>
      <line num="21" count="11" type="stmt"/>
      <line num="22" count="11" type="stmt"/>
      <line num="23" count="11" type="cond" truecount="0" falsecount="1"/>
      <line num="24" count="0" type="cond" truecount="0" falsecount="1"/>
      <line num="25" count="0" type="stmt"/>
      <line num="28" count="11" type="stmt"/>
      <line num="32" count="6" type="stmt"/>
      <line num="33" count="6" type="cond" truecount="0" falsecount="1"/>
      <line num="34" count="0" type="stmt"/>
      <line num="36" count="6" type="stmt"/>
      <line num="37" count="6" type="stmt"/>
      <line num="38" count="6" type="cond" truecount="0" falsecount="1"/>
      <line num="39" count="0" type="cond" truecount="0" falsecount="1"/>
      <line num="40" count="0" type="stmt"/>
      <line num="43" count="6" type="stmt"/>
      <line num="48" count="5" type="stmt"/>
      <line num="49" count="5" type="cond" truecount="0" falsecount="1"/>
      <line num="50" count="0" type="stmt"/>
      <line num="52" count="5" type="stmt"/>
      <line num="53" count="5" type="stmt"/>
      <line num="54" count="5" type="cond" truecount="0" falsecount="1"/>
      <line num="55" count="0" type="cond" truecount="0" falsecount="1"/>
      <line num="56" count="0" type="stmt"/>
      <line num="59" count="5" type="stmt"/>
      <line num="65" count="11" type="stmt"/>
      <line num="66" count="11" type="stmt"/>
      <line num="68" count="11" type="stmt"/>
      <line num="70" count="11" type="cond" truecount="1" falsecount="0"/>
      <line num="71" count="11" type="stmt"/>
      <line num="73" count="11" type="cond" truecount="1" falsecount="0"/>
      <line num="74" count="11" type="stmt"/>
      <line num="77" count="11" type="cond" truecount="1" falsecount="0"/>
      <line num="78" count="11" type="stmt"/>
      <line num="79" count="11" type="cond" truecount="2" falsecount="0"/>
      <line num="80" count="6" type="stmt"/>
      <line num="81" count="5" type="cond" truecount="1" falsecount="0"/>
      <line num="82" count="5" type="stmt"/>
      <line num="87" count="11" type="stmt"/>
      <line num="90" count="11" type="cond" truecount="0" falsecount="1"/>
      <line num="91" count="0" type="stmt"/>
      <line num="94" count="11" type="cond" truecount="1" falsecount="0"/>
      <line num="95" count="11" type="stmt"/>
      <line num="96" count="11" type="stmt"/>
      <line num="98" count="11" type="stmt"/>
      <line num="102" count="11" type="stmt"/>
    </file>
    <file name="StringRef.ts" path="/Users/vedmalex/work/stemmer-ru/src/StringRef.ts">
      <metrics statements="7" coveredstatements="7" conditionals="0" coveredconditionals="0" methods="4" coveredmethods="4"/>
      <line num="1" count="2" type="stmt"/>
      <line num="4" count="15" type="stmt"/>
      <line num="8" count="11" type="stmt"/>
      <line num="12" count="94" type="stmt"/>
      <line num="13" count="94" type="stmt"/>
      <line num="14" count="94" type="stmt"/>
      <line num="18" count="34" type="stmt"/>
    </file>
  </project>
</coverage>
