{"/Users/vedmalex/work/stemmer-ru/src/StemmerRu.ts": {"path":"/Users/vedmalex/work/stemmer-ru/src/StemmerRu.ts","statementMap":{"0":{"start":{"line":1,"column":0},"end":{"line":1,"column":35}},"1":{"start":{"line":4,"column":2},"end":{"line":4,"column":null}},"2":{"start":{"line":5,"column":2},"end":{"line":5,"column":null}},"3":{"start":{"line":6,"column":2},"end":{"line":7,"column":null}},"4":{"start":{"line":8,"column":2},"end":{"line":8,"column":null}},"5":{"start":{"line":9,"column":2},"end":{"line":10,"column":null}},"6":{"start":{"line":12,"column":2},"end":{"line":12,"column":null}},"7":{"start":{"line":17,"column":16},"end":{"line":17,"column":50}},"8":{"start":{"line":18,"column":4},"end":{"line":20,"column":null}},"9":{"start":{"line":19,"column":6},"end":{"line":19,"column":null}},"10":{"start":{"line":21,"column":16},"end":{"line":21,"column":36}},"11":{"start":{"line":22,"column":22},"end":{"line":22,"column":38}},"12":{"start":{"line":23,"column":4},"end":{"line":27,"column":null}},"13":{"start":{"line":24,"column":6},"end":{"line":26,"column":null}},"14":{"start":{"line":25,"column":8},"end":{"line":25,"column":null}},"15":{"start":{"line":28,"column":4},"end":{"line":28,"column":null}},"16":{"start":{"line":32,"column":16},"end":{"line":32,"column":32}},"17":{"start":{"line":33,"column":4},"end":{"line":35,"column":null}},"18":{"start":{"line":34,"column":6},"end":{"line":34,"column":null}},"19":{"start":{"line":36,"column":16},"end":{"line":36,"column":38}},"20":{"start":{"line":37,"column":22},"end":{"line":37,"column":40}},"21":{"start":{"line":38,"column":4},"end":{"line":42,"column":null}},"22":{"start":{"line":39,"column":6},"end":{"line":41,"column":null}},"23":{"start":{"line":40,"column":8},"end":{"line":40,"column":null}},"24":{"start":{"line":43,"column":4},"end":{"line":43,"column":null}},"25":{"start":{"line":48,"column":6},"end":{"line":48,"column":83}},"26":{"start":{"line":49,"column":4},"end":{"line":51,"column":null}},"27":{"start":{"line":50,"column":6},"end":{"line":50,"column":null}},"28":{"start":{"line":52,"column":16},"end":{"line":52,"column":76}},"29":{"start":{"line":53,"column":22},"end":{"line":53,"column":78}},"30":{"start":{"line":54,"column":4},"end":{"line":58,"column":null}},"31":{"start":{"line":55,"column":6},"end":{"line":57,"column":null}},"32":{"start":{"line":56,"column":8},"end":{"line":56,"column":null}},"33":{"start":{"line":59,"column":4},"end":{"line":59,"column":null}},"34":{"start":{"line":65,"column":18},"end":{"line":65,"column":36}},"35":{"start":{"line":66,"column":16},"end":{"line":66,"column":40}},"36":{"start":{"line":68,"column":14},"end":{"line":68,"column":33}},"37":{"start":{"line":70,"column":4},"end":{"line":100,"column":null}},"38":{"start":{"line":71,"column":27},"end":{"line":71,"column":28}},"39":{"start":{"line":73,"column":6},"end":{"line":99,"column":null}},"40":{"start":{"line":74,"column":19},"end":{"line":74,"column":37}},"41":{"start":{"line":77,"column":8},"end":{"line":84,"column":null}},"42":{"start":{"line":78,"column":10},"end":{"line":78,"column":null}},"43":{"start":{"line":79,"column":10},"end":{"line":83,"column":null}},"44":{"start":{"line":80,"column":12},"end":{"line":80,"column":null}},"45":{"start":{"line":81,"column":17},"end":{"line":83,"column":null}},"46":{"start":{"line":82,"column":12},"end":{"line":82,"column":null}},"47":{"start":{"line":87,"column":8},"end":{"line":87,"column":null}},"48":{"start":{"line":90,"column":8},"end":{"line":92,"column":null}},"49":{"start":{"line":91,"column":10},"end":{"line":91,"column":null}},"50":{"start":{"line":94,"column":8},"end":{"line":97,"column":null}},"51":{"start":{"line":95,"column":10},"end":{"line":95,"column":null}},"52":{"start":{"line":96,"column":10},"end":{"line":96,"column":null}},"53":{"start":{"line":98,"column":8},"end":{"line":98,"column":null}},"54":{"start":{"line":102,"column":4},"end":{"line":102,"column":null}},"55":{"start":{"line":3,"column":0},"end":{"line":3,"column":21}}},"fnMap":{"0":{"name":"(anonymous_1)","decl":{"start":{"line":14,"column":2},"end":{"line":14,"column":17}},"loc":{"start":{"line":14,"column":2},"end":{"line":14,"column":18}}},"1":{"name":"(anonymous_2)","decl":{"start":{"line":16,"column":2},"end":{"line":16,"column":24}},"loc":{"start":{"line":16,"column":39},"end":{"line":29,"column":3}}},"2":{"name":"(anonymous_3)","decl":{"start":{"line":31,"column":2},"end":{"line":31,"column":18}},"loc":{"start":{"line":31,"column":33},"end":{"line":44,"column":3}}},"3":{"name":"(anonymous_4)","decl":{"start":{"line":46,"column":2},"end":{"line":46,"column":12}},"loc":{"start":{"line":46,"column":27},"end":{"line":60,"column":3}}},"4":{"name":"(anonymous_5)","decl":{"start":{"line":62,"column":2},"end":{"line":62,"column":10}},"loc":{"start":{"line":62,"column":23},"end":{"line":103,"column":3}}}},"branchMap":{"0":{"loc":{"start":{"line":18,"column":4},"end":{"line":20,"column":null}},"type":"if","locations":[{"start":{"line":18,"column":4},"end":{"line":20,"column":null}}]},"1":{"loc":{"start":{"line":23,"column":4},"end":{"line":27,"column":null}},"type":"if","locations":[{"start":{"line":23,"column":4},"end":{"line":27,"column":null}}]},"2":{"loc":{"start":{"line":24,"column":6},"end":{"line":26,"column":null}},"type":"if","locations":[{"start":{"line":24,"column":6},"end":{"line":26,"column":null}}]},"3":{"loc":{"start":{"line":33,"column":4},"end":{"line":35,"column":null}},"type":"if","locations":[{"start":{"line":33,"column":4},"end":{"line":35,"column":null}}]},"4":{"loc":{"start":{"line":38,"column":4},"end":{"line":42,"column":null}},"type":"if","locations":[{"start":{"line":38,"column":4},"end":{"line":42,"column":null}}]},"5":{"loc":{"start":{"line":39,"column":6},"end":{"line":41,"column":null}},"type":"if","locations":[{"start":{"line":39,"column":6},"end":{"line":41,"column":null}}]},"6":{"loc":{"start":{"line":49,"column":4},"end":{"line":51,"column":null}},"type":"if","locations":[{"start":{"line":49,"column":4},"end":{"line":51,"column":null}}]},"7":{"loc":{"start":{"line":54,"column":4},"end":{"line":58,"column":null}},"type":"if","locations":[{"start":{"line":54,"column":4},"end":{"line":58,"column":null}}]},"8":{"loc":{"start":{"line":55,"column":6},"end":{"line":57,"column":null}},"type":"if","locations":[{"start":{"line":55,"column":6},"end":{"line":57,"column":null}}]},"9":{"loc":{"start":{"line":70,"column":4},"end":{"line":100,"column":null}},"type":"if","locations":[{"start":{"line":70,"column":4},"end":{"line":100,"column":null}}]},"10":{"loc":{"start":{"line":73,"column":6},"end":{"line":99,"column":null}},"type":"if","locations":[{"start":{"line":73,"column":6},"end":{"line":99,"column":null}}]},"11":{"loc":{"start":{"line":77,"column":8},"end":{"line":84,"column":null}},"type":"if","locations":[{"start":{"line":77,"column":8},"end":{"line":84,"column":null}}]},"12":{"loc":{"start":{"line":79,"column":10},"end":{"line":83,"column":null}},"type":"if","locations":[{"start":{"line":79,"column":10},"end":{"line":83,"column":null}},{"start":{"line":81,"column":17},"end":{"line":83,"column":null}}]},"13":{"loc":{"start":{"line":81,"column":17},"end":{"line":83,"column":null}},"type":"if","locations":[{"start":{"line":81,"column":17},"end":{"line":83,"column":null}}]},"14":{"loc":{"start":{"line":90,"column":8},"end":{"line":92,"column":null}},"type":"if","locations":[{"start":{"line":90,"column":8},"end":{"line":92,"column":null}}]},"15":{"loc":{"start":{"line":94,"column":8},"end":{"line":97,"column":null}},"type":"if","locations":[{"start":{"line":94,"column":8},"end":{"line":97,"column":null}}]}},"s":{"0":1,"1":1,"2":1,"3":1,"4":1,"5":1,"6":1,"7":11,"8":11,"9":0,"10":11,"11":11,"12":11,"13":0,"14":0,"15":11,"16":6,"17":6,"18":0,"19":6,"20":6,"21":6,"22":0,"23":0,"24":6,"25":5,"26":5,"27":0,"28":5,"29":5,"30":5,"31":0,"32":0,"33":5,"34":11,"35":11,"36":11,"37":11,"38":11,"39":11,"40":11,"41":11,"42":11,"43":11,"44":6,"45":5,"46":5,"47":11,"48":11,"49":0,"50":11,"51":11,"52":11,"53":11,"54":11,"55":1},"f":{"0":1,"1":11,"2":6,"3":5,"4":11},"b":{"0":[0],"1":[0],"2":[0],"3":[0],"4":[0],"5":[0],"6":[0],"7":[0],"8":[0],"9":[11],"10":[11],"11":[11],"12":[6,5],"13":[5],"14":[0],"15":[11]}}
,"/Users/vedmalex/work/stemmer-ru/src/StringRef.ts": {"path":"/Users/vedmalex/work/stemmer-ru/src/StringRef.ts","statementMap":{"0":{"start":{"line":4,"column":4},"end":{"line":4,"column":null}},"1":{"start":{"line":8,"column":4},"end":{"line":8,"column":null}},"2":{"start":{"line":12,"column":17},"end":{"line":12,"column":25}},"3":{"start":{"line":13,"column":4},"end":{"line":13,"column":null}},"4":{"start":{"line":14,"column":4},"end":{"line":14,"column":null}},"5":{"start":{"line":18,"column":4},"end":{"line":18,"column":null}},"6":{"start":{"line":1,"column":0},"end":{"line":1,"column":21}}},"fnMap":{"0":{"name":"(anonymous_0)","decl":{"start":{"line":3,"column":2},"end":{"line":3,"column":14}},"loc":{"start":{"line":3,"column":20},"end":{"line":5,"column":3}}},"1":{"name":"(anonymous_1)","decl":{"start":{"line":7,"column":2},"end":{"line":7,"column":10}},"loc":{"start":{"line":7,"column":10},"end":{"line":9,"column":3}}},"2":{"name":"(anonymous_2)","decl":{"start":{"line":11,"column":2},"end":{"line":11,"column":9}},"loc":{"start":{"line":11,"column":41},"end":{"line":15,"column":3}}},"3":{"name":"(anonymous_3)","decl":{"start":{"line":17,"column":2},"end":{"line":17,"column":7}},"loc":{"start":{"line":17,"column":18},"end":{"line":19,"column":3}}}},"branchMap":{},"s":{"0":15,"1":11,"2":94,"3":94,"4":94,"5":34,"6":2},"f":{"0":15,"1":11,"2":94,"3":34},"b":{}}
}
