TN:
SF:src/StemmerRu.ts
FN:14,(anonymous_1)
FN:16,(anonymous_2)
FN:31,(anonymous_3)
FN:46,(anonymous_4)
FN:62,(anonymous_5)
FNF:5
FNH:5
FNDA:1,(anonymous_1)
FNDA:11,(anonymous_2)
FNDA:6,(anonymous_3)
FNDA:5,(anonymous_4)
FNDA:11,(anonymous_5)
DA:1,1
DA:3,1
DA:4,1
DA:5,1
DA:6,1
DA:8,1
DA:9,1
DA:12,1
DA:17,11
DA:18,11
DA:19,0
DA:21,11
DA:22,11
DA:23,11
DA:24,0
DA:25,0
DA:28,11
DA:32,6
DA:33,6
DA:34,0
DA:36,6
DA:37,6
DA:38,6
DA:39,0
DA:40,0
DA:43,6
DA:48,5
DA:49,5
DA:50,0
DA:52,5
DA:53,5
DA:54,5
DA:55,0
DA:56,0
DA:59,5
DA:65,11
DA:66,11
DA:68,11
DA:70,11
DA:71,11
DA:73,11
DA:74,11
DA:77,11
DA:78,11
DA:79,11
DA:80,6
DA:81,5
DA:82,5
DA:87,11
DA:90,11
DA:91,0
DA:94,11
DA:95,11
DA:96,11
DA:98,11
DA:102,11
LF:56
LH:46
BRDA:18,0,0,0
BRDA:23,1,0,0
BRDA:24,2,0,0
BRDA:33,3,0,0
BRDA:38,4,0,0
BRDA:39,5,0,0
BRDA:49,6,0,0
BRDA:54,7,0,0
BRDA:55,8,0,0
BRDA:70,9,0,11
BRDA:73,10,0,11
BRDA:77,11,0,11
BRDA:79,12,0,6
BRDA:79,12,1,5
BRDA:81,13,0,5
BRDA:90,14,0,0
BRDA:94,15,0,11
BRF:17
BRH:7
end_of_record
TN:
SF:src/StringRef.ts
FN:3,(anonymous_0)
FN:7,(anonymous_1)
FN:11,(anonymous_2)
FN:17,(anonymous_3)
FNF:4
FNH:4
FNDA:15,(anonymous_0)
FNDA:11,(anonymous_1)
FNDA:94,(anonymous_2)
FNDA:34,(anonymous_3)
DA:1,2
DA:4,15
DA:8,11
DA:12,94
DA:13,94
DA:14,94
DA:18,34
LF:7
LH:7
BRF:0
BRH:0
end_of_record
